[I 2026-08-25 22:01:34,946] Trial 12 finished with value: 0.4132411479949951 and parameters: {'d_model': 64, 'n_heads': 4, 'num_layers': 1, 'dim_ff': 64, 'lr': 0.00016652364848910719, 'weight_decay': 1.663954676882937e-05, 'batch_size': 128}. Best is trial 1 with value: 0.3976435288786888.

Trial 14/20: {'d_model': 128, 'n_heads': 4, 'num_layers': 2, 'dim_ff': 64, 'lr': 9.610666451366881e-05, 'weight_decay': 3.242714866308269e-05, 'batch_size': 32, 'model_type': 'transformer'}
Trial 14/20: early-stopped after 9 epochs in 339.4s (37.71s/epoch) | best val loss 0.417910 @ epoch 1
  validation loss=0.417910
[I 2026-08-25 22:07:14,440] Trial 13 finished with value: 0.41791022568941116 and parameters: {'d_model': 128, 'n_heads': 4, 'num_layers': 2, 'dim_ff': 64, 'lr': 9.610666451366881e-05, 'weight_decay': 3.242714866308269e-05, 'batch_size': 32}. Best is trial 1 with value: 0.3976435288786888.

Trial 15/20: {'d_model': 32, 'n_heads': 4, 'num_layers': 1, 'dim_ff': 64, 'lr': 4.720845304099489e-05, 'weight_decay': 0.00020948114885595512, 'batch_size': 64, 'model_type': 'transformer'}
Trial 15/20: pruned after 12 epochs in 124.9s (10.41s/epoch) | best val loss 0.526189 @ epoch 8      
[I 2026-08-25 22:09:19,421] Trial 14 pruned. 

Trial 16/20: {'d_model': 64, 'n_heads': 4, 'num_layers': 1, 'dim_ff': 128, 'lr': 0.0002117186385022968, 'weight_decay': 2.947919017939941e-05, 'batch_size': 128, 'model_type': 'transformer'}
Trial 16/20: early-stopped after 21 epochs in 338.2s (16.11s/epoch) | best val loss 0.397449 @ epoch 13
  validation loss=0.397449
[I 2026-08-25 22:14:57,708] Trial 15 finished with value: 0.39744938164949417 and parameters: {'d_model': 64, 'n_heads': 4, 'num_layers': 1, 'dim_ff': 128, 'lr': 0.0002117186385022968, 'weight_decay': 2.947919017939941e-05, 'batch_size': 128}. Best is trial 15 with value: 0.39744938164949417.

Trial 17/20: {'d_model': 128, 'n_heads': 4, 'num_layers': 2, 'dim_ff': 128, 'lr': 0.0006934797838904252, 'weight_decay': 5.2548275577189695e-05, 'batch_size': 32, 'model_type': 'transformer'}
Trial 17/20: early-stopped after 9 epochs in 367.6s (40.84s/epoch) | best val loss 0.576826 @ epoch 1
  validation loss=0.576826
[I 2026-08-25 22:21:05,357] Trial 16 finished with value: 0.5768257876237234 and parameters: {'d_model': 128, 'n_heads': 4, 'num_layers': 2, 'dim_ff': 128, 'lr': 0.0006934797838904252, 'weight_decay': 5.2548275577189695e-05, 'batch_size': 32}. Best is trial 15 with value: 0.39744938164949417.

Trial 18/20: {'d_model': 64, 'n_heads': 2, 'num_layers': 1, 'dim_ff': 128, 'lr': 3.67166692919686e-05, 'weight_decay': 0.00040888647488391655, 'batch_size': 32, 'model_type': 'transformer'}
Trial 18/20: pruned after 13 epochs in 108.1s (8.32s/epoch) | best val loss 0.478479 @ epoch 8       
[I 2026-08-25 22:22:53,515] Trial 17 pruned. 

Trial 19/20: {'d_model': 128, 'n_heads': 2, 'num_layers': 2, 'dim_ff': 128, 'lr': 1.0288606978769603e-05, 'weight_decay': 6.496803210755688e-06, 'batch_size': 128, 'model_type': 'transformer'}
Trial 19/20: pruned after 12 epochs in 427.5s (35.62s/epoch) | best val loss 0.536339 @ epoch 12     
[I 2026-08-25 22:30:01,082] Trial 18 pruned. 

Trial 20/20: {'d_model': 32, 'n_heads': 4, 'num_layers': 1, 'dim_ff': 128, 'lr': 0.00022322443770776077, 'weight_decay': 3.316888751685796e-05, 'batch_size': 64, 'model_type': 'transformer'}
Trial 20/20: early-stopped after 12 epochs in 143.2s (11.93s/epoch) | best val loss 0.473133 @ epoch 4
  validation loss=0.473133
[I 2026-08-25 22:32:24,367] Trial 19 finished with value: 0.4731327295303345 and parameters: {'d_model': 32, 'n_heads': 4, 'num_layers': 1, 'dim_ff': 128, 'lr': 0.00022322443770776077, 'weight_decay': 3.316888751685796e-05, 'batch_size': 64}. Best is trial 15 with value: 0.39744938164949417.

Selected lambda*: {'d_model': 64, 'n_heads': 4, 'num_layers': 1, 'dim_ff': 128, 'lr': 0.0002117186385022968, 'weight_decay': 2.947919017939941e-05, 'batch_size': 128, 'model_type': 'transformer', 'qkv_proj_blocksize': 4}
HPO single-split validation loss: 0.397449
Fold 1/5: early-stopped after 33 epochs in 558.1s (16.91s/epoch) | best val loss 0.459940 @ epoch 8  
  fold 1/5: validation loss=0.459940
Fold 2/5: early-stopped after 45 epochs in 773.5s (17.19s/epoch) | best val loss 0.428157 @ epoch 20 
  fold 2/5: validation loss=0.428157
Fold 3/5: early-stopped after 35 epochs in 469.7s (13.42s/epoch) | best val loss 0.405281 @ epoch 10 
  fold 3/5: validation loss=0.405281
Fold 4/5: early-stopped after 36 epochs in 306.5s (8.51s/epoch) | best val loss 0.456587 @ epoch 11  
  fold 4/5: validation loss=0.456587
Fold 5/5: early-stopped after 42 epochs in 354.9s (8.45s/epoch) | best val loss 0.409210 @ epoch 17  
  fold 5/5: validation loss=0.409210

Fold validation losses: ['0.459940', '0.428157', '0.405281', '0.456587', '0.409210']
Best fold: 3/5 (val loss=0.405281), mean=0.431835 +/- 0.025657
Best fold model has 69444 trainable parameters.

Validation-selected per-class decision thresholds (F1-optimal, balanced):
  class 1: threshold=0.2058, F1=0.9617, precision=0.9452, recall=0.9787
  class 2: threshold=0.7540, F1=0.6154, precision=0.6667, recall=0.5714
  class 3: threshold=0.5836, F1=0.5517, precision=0.6154, recall=0.5000
  class 4: threshold=0.4023, F1=0.3333, precision=0.2500, recall=0.5000

Test accuracy: 0.8727
Test Macro-averaged precision: 0.5618
Test Macro-averaged recall: 0.5858
Test Macro-averaged F1_score: 0.5670
Test balanced accuracy: 0.5858

Classification reports:
              precision    recall  f1-score   support

           0       0.94      0.94      0.94      1061
           1       0.47      0.66      0.55        58
           2       0.61      0.47      0.53       116
           3       0.24      0.29      0.26        14

    accuracy                           0.87      1249
   macro avg       0.56      0.59      0.57      1249
weighted avg       0.88      0.87      0.87      1249

Confusion matrix:
[[994  32  28   7]
 [  9  38   5   6]
 [ 58   4  54   0]
 [  1   7   2   4]]

Macro-average AUROC: 0.8558
Macro-average AUPRC: 0.5154

Validation macro AUROC: 0.8693
Validation macro AUPRC: 0.5136